Flow report for audio_visualizer
Thu Dec 08 05:19:49 2022
Quartus Prime Version 18.1.0 Build 625 09/12/2018 SJ Lite Edition


---------------------
; Table of Contents ;
---------------------
  1. Legal Notice
  2. Flow Summary
  3. Flow Settings
  4. Flow Non-Default Global Settings
  5. Flow Elapsed Time
  6. Flow OS Summary
  7. Flow Log
  8. Flow Messages
  9. Flow Suppressed Messages



----------------
; Legal Notice ;
----------------
Copyright (C) 2018  Intel Corporation. All rights reserved.
Your use of Intel Corporation's design tools, logic functions 
and other software and tools, and its AMPP partner logic 
functions, and any output files from any of the foregoing 
(including device programming or simulation files), and any 
associated documentation or information are expressly subject 
to the terms and conditions of the Intel Program License 
Subscription Agreement, the Intel Quartus Prime License Agreement,
the Intel FPGA IP License Agreement, or other applicable license
agreement, including, without limitation, that your use is for
the sole purpose of programming logic devices manufactured by
Intel and sold by Intel or its authorized distributors.  Please
refer to the applicable agreement for further details.



+----------------------------------------------------------------------------------+
; Flow Summary                                                                     ;
+------------------------------------+---------------------------------------------+
; Flow Status                        ; Successful - Thu Dec 08 05:19:49 2022       ;
; Quartus Prime Version              ; 18.1.0 Build 625 09/12/2018 SJ Lite Edition ;
; Revision Name                      ; audio_visualizer                            ;
; Top-level Entity Name              ; lab62                                       ;
; Family                             ; MAX 10                                      ;
; Device                             ; 10M50DAF484C7G                              ;
; Timing Models                      ; Final                                       ;
; Total logic elements               ; 4,148 / 49,760 ( 8 % )                      ;
;     Total combinational functions  ; 3,537 / 49,760 ( 7 % )                      ;
;     Dedicated logic registers      ; 2,436 / 49,760 ( 5 % )                      ;
; Total registers                    ; 2505                                        ;
; Total pins                         ; 141 / 360 ( 39 % )                          ;
; Total virtual pins                 ; 0                                           ;
; Total memory bits                  ; 1,326,048 / 1,677,312 ( 79 % )              ;
; Embedded Multiplier 9-bit elements ; 0 / 288 ( 0 % )                             ;
; Total PLLs                         ; 1 / 4 ( 25 % )                              ;
; UFM blocks                         ; 0 / 1 ( 0 % )                               ;
; ADC blocks                         ; 0 / 2 ( 0 % )                               ;
+------------------------------------+---------------------------------------------+


+-----------------------------------------+
; Flow Settings                           ;
+-------------------+---------------------+
; Option            ; Setting             ;
+-------------------+---------------------+
; Start date & time ; 12/08/2022 05:17:07 ;
; Main task         ; Compilation         ;
; Revision Name     ; audio_visualizer    ;
+-------------------+---------------------+


+---------------------------------------------------------------------------------------------------------------------------------------+
; Flow Non-Default Global Settings                                                                                                      ;
+--------------------------------------+----------------------------------------+------------------+-------------------+----------------+
; Assignment Name                      ; Value                                  ; Default Value    ; Entity Name       ; Section Id     ;
+--------------------------------------+----------------------------------------+------------------+-------------------+----------------+
; COMPILER_SIGNATURE_ID                ; 58067802040636.167049822711400         ; --               ; --                ; --             ;
; EDA_DESIGN_INSTANCE_NAME             ; NA                                     ; --               ; --                ; testbench      ;
; EDA_NATIVELINK_SIMULATION_TEST_BENCH ; testbench                              ; --               ; --                ; eda_simulation ;
; EDA_OUTPUT_DATA_FORMAT               ; Systemverilog Hdl                      ; --               ; --                ; eda_simulation ;
; EDA_SIMULATION_TOOL                  ; ModelSim-Altera (SystemVerilog)        ; <None>           ; --                ; --             ;
; EDA_TEST_BENCH_ENABLE_STATUS         ; TEST_BENCH_MODE                        ; --               ; --                ; eda_simulation ;
; EDA_TEST_BENCH_FILE                  ; testbench.sv                           ; --               ; --                ; testbench      ;
; EDA_TEST_BENCH_MODULE_NAME           ; testbench                              ; --               ; --                ; testbench      ;
; EDA_TEST_BENCH_NAME                  ; testbench                              ; --               ; --                ; eda_simulation ;
; EDA_TIME_SCALE                       ; 1 ps                                   ; --               ; --                ; eda_simulation ;
; MAX_CORE_JUNCTION_TEMP               ; 85                                     ; --               ; --                ; --             ;
; MIN_CORE_JUNCTION_TEMP               ; 0                                      ; --               ; --                ; --             ;
; OUTPUT_IO_TIMING_FAR_END_VMEAS       ; Half Signal Swing                      ; --               ; --                ; --             ;
; OUTPUT_IO_TIMING_FAR_END_VMEAS       ; Half Signal Swing                      ; --               ; --                ; --             ;
; OUTPUT_IO_TIMING_NEAR_END_VMEAS      ; Half Vccio                             ; --               ; --                ; --             ;
; OUTPUT_IO_TIMING_NEAR_END_VMEAS      ; Half Vccio                             ; --               ; --                ; --             ;
; PARTITION_COLOR                      ; -- (Not supported for targeted family) ; --               ; DE10_LITE_Default ; Top            ;
; PARTITION_COLOR                      ; -- (Not supported for targeted family) ; --               ; lab62             ; Top            ;
; PARTITION_FITTER_PRESERVATION_LEVEL  ; -- (Not supported for targeted family) ; --               ; DE10_LITE_Default ; Top            ;
; PARTITION_FITTER_PRESERVATION_LEVEL  ; -- (Not supported for targeted family) ; --               ; lab62             ; Top            ;
; PARTITION_NETLIST_TYPE               ; -- (Not supported for targeted family) ; --               ; DE10_LITE_Default ; Top            ;
; PARTITION_NETLIST_TYPE               ; -- (Not supported for targeted family) ; --               ; lab62             ; Top            ;
; POWER_BOARD_THERMAL_MODEL            ; None (CONSERVATIVE)                    ; --               ; --                ; --             ;
; POWER_PRESET_COOLING_SOLUTION        ; 23 MM HEAT SINK WITH 200 LFPM AIRFLOW  ; --               ; --                ; --             ;
; PROJECT_OUTPUT_DIRECTORY             ; output_files                           ; --               ; --                ; --             ;
; TOP_LEVEL_ENTITY                     ; lab62                                  ; audio_visualizer ; --                ; --             ;
+--------------------------------------+----------------------------------------+------------------+-------------------+----------------+


+--------------------------------------------------------------------------------------------------------------------------+
; Flow Elapsed Time                                                                                                        ;
+----------------------+--------------+-------------------------+---------------------+------------------------------------+
; Module Name          ; Elapsed Time ; Average Processors Used ; Peak Virtual Memory ; Total CPU Time (on all processors) ;
+----------------------+--------------+-------------------------+---------------------+------------------------------------+
; Analysis & Synthesis ; 00:01:51     ; 1.0                     ; 5009 MB             ; 00:01:11                           ;
; Fitter               ; 00:00:29     ; 1.4                     ; 5856 MB             ; 00:00:24                           ;
; Assembler            ; 00:00:04     ; 1.0                     ; 4710 MB             ; 00:00:03                           ;
; Timing Analyzer      ; 00:00:06     ; 2.1                     ; 4919 MB             ; 00:00:08                           ;
; EDA Netlist Writer   ; 00:00:03     ; 1.0                     ; 4739 MB             ; 00:00:02                           ;
; Total                ; 00:02:33     ; --                      ; --                  ; 00:01:48                           ;
+----------------------+--------------+-------------------------+---------------------+------------------------------------+


+------------------------------------------------------------------------------------+
; Flow OS Summary                                                                    ;
+----------------------+------------------+------------+------------+----------------+
; Module Name          ; Machine Hostname ; OS Name    ; OS Version ; Processor type ;
+----------------------+------------------+------------+------------+----------------+
; Analysis & Synthesis ; DESKTOP-9GNJ493  ; Windows 10 ; 10.0       ; x86_64         ;
; Fitter               ; DESKTOP-9GNJ493  ; Windows 10 ; 10.0       ; x86_64         ;
; Assembler            ; DESKTOP-9GNJ493  ; Windows 10 ; 10.0       ; x86_64         ;
; Timing Analyzer      ; DESKTOP-9GNJ493  ; Windows 10 ; 10.0       ; x86_64         ;
; EDA Netlist Writer   ; DESKTOP-9GNJ493  ; Windows 10 ; 10.0       ; x86_64         ;
+----------------------+------------------+------------+------------+----------------+


------------
; Flow Log ;
------------
quartus_map --read_settings_files=on --write_settings_files=off audio_visualizer -c audio_visualizer
quartus_fit --read_settings_files=off --write_settings_files=off audio_visualizer -c audio_visualizer
quartus_asm --read_settings_files=off --write_settings_files=off audio_visualizer -c audio_visualizer
quartus_sta audio_visualizer -c audio_visualizer
quartus_eda --read_settings_files=off --write_settings_files=off audio_visualizer -c audio_visualizer



